<?xml version="1.0" encoding="UTF-8"?>
<testsuite xmlns:xsi="http://www.w3.org/2001/XMLSchema-instance" xsi:noNamespaceSchemaLocation="https://maven.apache.org/surefire/maven-surefire-plugin/xsd/surefire-test-report.xsd" version="3.0.2" name="com.codemyth.caching.CachingExamplePracticeApplicationTests" time="5.082" tests="1" errors="0" skipped="0" failures="0">
  <properties>
[...]
</properties>
  <testcase name="contextLoads" classname="com.codemyth.caching.CachingExamplePracticeApplicationTests" time="0.376">
    <system-out><![CDATA[08:45:08.988 [main] INFO org.springframework.test.context.support.AnnotationConfigContextLoaderUtils -- Could not detect default configuration classes for test class [com.codemyth.caching.CachingExamplePracticeApplicationTests]: CachingExamplePracticeApplicationTests does not declare any static, non-private, non-final, nested classes annotated with @Configuration.
08:45:09.120 [main] INFO org.springframework.boot.test.context.SpringBootTestContextBootstrapper -- Found @SpringBootConfiguration com.codemyth.caching.CachingExamplePracticeApplication for test class com.codemyth.caching.CachingExamplePracticeApplicationTests

  .   ____          _            __ _ _
 /\\ / ___'_ __ _ _(_)_ __  __ _ \ \ \ \
( ( )\___ | '_ | '_| | '_ \/ _` | \ \ \ \
 \\/  ___)| |_)| | | | | || (_| |  ) ) ) )
  '  |____| .__|_| |_|_| |_\__, | / / / /
 =========|_|==============|___/=/_/_/_/

 :: Spring Boot ::                (v3.5.6)

2025-09-21T08:45:09.681+05:30  INFO 3792 --- [CachingExamplePractice] [           main] c.CachingExamplePracticeApplicationTests : Starting CachingExamplePracticeApplicationTests using Java 17.0.10 with PID 3792 (started by admin in D:\CodeMyth\ProgrammingPractice\CachingExamplePractice)
2025-09-21T08:45:09.684+05:30  INFO 3792 --- [CachingExamplePractice] [           main] c.CachingExamplePracticeApplicationTests : No active profile set, falling back to 1 default profile: "default"
2025-09-21T08:45:10.381+05:30  INFO 3792 --- [CachingExamplePractice] [           main] .s.d.r.c.RepositoryConfigurationDelegate : Bootstrapping Spring Data JPA repositories in DEFAULT mode.
2025-09-21T08:45:10.444+05:30  INFO 3792 --- [CachingExamplePractice] [           main] .s.d.r.c.RepositoryConfigurationDelegate : Finished Spring Data repository scanning in 51 ms. Found 1 JPA repository interface.
2025-09-21T08:45:10.880+05:30  INFO 3792 --- [CachingExamplePractice] [           main] o.hibernate.jpa.internal.util.LogHelper  : HHH000204: Processing PersistenceUnitInfo [name: default]
2025-09-21T08:45:10.957+05:30  INFO 3792 --- [CachingExamplePractice] [           main] org.hibernate.Version                    : HHH000412: Hibernate ORM core version 6.6.29.Final
2025-09-21T08:45:10.994+05:30  INFO 3792 --- [CachingExamplePractice] [           main] o.h.c.internal.RegionFactoryInitiator    : HHH000026: Second-level cache disabled
2025-09-21T08:45:11.390+05:30  INFO 3792 --- [CachingExamplePractice] [           main] o.s.o.j.p.SpringPersistenceUnitInfo      : No LoadTimeWeaver setup: ignoring JPA class transformer
2025-09-21T08:45:11.429+05:30  INFO 3792 --- [CachingExamplePractice] [           main] com.zaxxer.hikari.HikariDataSource       : HikariPool-1 - Starting...
2025-09-21T08:45:11.657+05:30  INFO 3792 --- [CachingExamplePractice] [           main] com.zaxxer.hikari.pool.HikariPool        : HikariPool-1 - Added connection org.postgresql.jdbc.PgConnection@3f322610
2025-09-21T08:45:11.658+05:30  INFO 3792 --- [CachingExamplePractice] [           main] com.zaxxer.hikari.HikariDataSource       : HikariPool-1 - Start completed.
2025-09-21T08:45:11.720+05:30  WARN 3792 --- [CachingExamplePractice] [           main] org.hibernate.orm.deprecation            : HHH90000025: PostgreSQLDialect does not need to be specified explicitly using 'hibernate.dialect' (remove the property setting and it will be selected by default)
2025-09-21T08:45:11.743+05:30  INFO 3792 --- [CachingExamplePractice] [           main] org.hibernate.orm.connections.pooling    : HHH10001005: Database info:
	Database JDBC URL [Connecting through datasource 'HikariDataSource (HikariPool-1)']
	Database driver: undefined/unknown
	Database version: 15.3
	Autocommit mode: undefined/unknown
	Isolation level: undefined/unknown
	Minimum pool size: undefined/unknown
	Maximum pool size: undefined/unknown
2025-09-21T08:45:12.460+05:30  INFO 3792 --- [CachingExamplePractice] [           main] o.h.e.t.j.p.i.JtaPlatformInitiator       : HHH000489: No JTA platform available (set 'hibernate.transaction.jta.platform' to enable JTA platform integration)
2025-09-21T08:45:12.543+05:30  INFO 3792 --- [CachingExamplePractice] [           main] j.LocalContainerEntityManagerFactoryBean : Initialized JPA EntityManagerFactory for persistence unit 'default'
2025-09-21T08:45:13.091+05:30  WARN 3792 --- [CachingExamplePractice] [           main] JpaBaseConfiguration$JpaWebConfiguration : spring.jpa.open-in-view is enabled by default. Therefore, database queries may be performed during view rendering. Explicitly configure spring.jpa.open-in-view to disable this warning
2025-09-21T08:45:13.534+05:30  INFO 3792 --- [CachingExamplePractice] [           main] c.CachingExamplePracticeApplicationTests : Started CachingExamplePracticeApplicationTests in 4.214 seconds (process running for 5.213)
]]></system-out>
  </testcase>
</testsuite>